<?xml version="1.0" encoding="UTF-8"?>
<testsuite xmlns:xsi="http://www.w3.org/2001/XMLSchema-instance" xsi:noNamespaceSchemaLocation="https://maven.apache.org/surefire/maven-surefire-plugin/xsd/surefire-test-report.xsd" name="br.com.tulioemmanuel.browser.AppTest" time="0.068" tests="1" errors="0" skipped="0" failures="0">
  <properties>
    <property name="java.specification.version" value="14"/>
    <property name="sun.cpu.isalist" value="amd64"/>
    <property name="sun.jnu.encoding" value="Cp1252"/>
    <property name="java.class.path" value="C:\Users\tulio\browser_dev\browser\target\test-classes;C:\Users\tulio\browser_dev\browser\target\classes;C:\Users\tulio\.m2\repository\junit\junit\4.11\junit-4.11.jar;C:\Users\tulio\.m2\repository\org\hamcrest\hamcrest-core\1.3\hamcrest-core-1.3.jar;"/>
    <property name="java.vm.vendor" value="Oracle Corporation"/>
    <property name="sun.arch.data.model" value="64"/>
    <property name="user.variant" value=""/>
    <property name="java.vendor.url" value="https://java.oracle.com/"/>
    <property name="user.timezone" value="America/Sao_Paulo"/>
    <property name="os.name" value="Windows 10"/>
    <property name="java.vm.specification.version" value="14"/>
    <property name="sun.java.launcher" value="SUN_STANDARD"/>
    <property name="user.country" value="US"/>
    <property name="sun.boot.library.path" value="C:\Users\tulio\.jdks\openjdk-14.0.1\bin"/>
    <property name="sun.java.command" value="C:\Users\tulio\AppData\Local\Temp\surefire10939776613249345231\surefirebooter5563267275466538933.jar C:\Users\tulio\AppData\Local\Temp\surefire10939776613249345231 2020-11-04T20-25-04_489-jvmRun1 surefire751196743674849066tmp surefire_011406940270462885511tmp"/>
    <property name="jdk.debug" value="release"/>
    <property name="surefire.test.class.path" value="C:\Users\tulio\browser_dev\browser\target\test-classes;C:\Users\tulio\browser_dev\browser\target\classes;C:\Users\tulio\.m2\repository\junit\junit\4.11\junit-4.11.jar;C:\Users\tulio\.m2\repository\org\hamcrest\hamcrest-core\1.3\hamcrest-core-1.3.jar;"/>
    <property name="sun.cpu.endian" value="little"/>
    <property name="user.home" value="C:\Users\tulio"/>
    <property name="user.language" value="en"/>
    <property name="java.specification.vendor" value="Oracle Corporation"/>
    <property name="java.version.date" value="2020-04-14"/>
    <property name="java.home" value="C:\Users\tulio\.jdks\openjdk-14.0.1"/>
    <property name="file.separator" value="\"/>
    <property name="basedir" value="C:\Users\tulio\browser_dev\browser"/>
    <property name="java.vm.compressedOopsMode" value="Zero based"/>
    <property name="line.separator" value="&#10;"/>
    <property name="java.vm.specification.vendor" value="Oracle Corporation"/>
    <property name="java.specification.name" value="Java Platform API Specification"/>
    <property name="surefire.real.class.path" value="C:\Users\tulio\AppData\Local\Temp\surefire10939776613249345231\surefirebooter5563267275466538933.jar"/>
    <property name="user.script" value=""/>
    <property name="sun.management.compiler" value="HotSpot 64-Bit Tiered Compilers"/>
    <property name="java.runtime.version" value="14.0.1+7"/>
    <property name="user.name" value="tulio"/>
    <property name="path.separator" value=";"/>
    <property name="os.version" value="10.0"/>
    <property name="java.runtime.name" value="OpenJDK Runtime Environment"/>
    <property name="file.encoding" value="Cp1252"/>
    <property name="java.vm.name" value="OpenJDK 64-Bit Server VM"/>
    <property name="localRepository" value="C:\Users\tulio\.m2\repository"/>
    <property name="java.vendor.url.bug" value="https://bugreport.java.com/bugreport/"/>
    <property name="java.io.tmpdir" value="C:\Users\tulio\AppData\Local\Temp\"/>
    <property name="java.version" value="14.0.1"/>
    <property name="user.dir" value="C:\Users\tulio\browser_dev\browser"/>
    <property name="os.arch" value="amd64"/>
    <property name="java.vm.specification.name" value="Java Virtual Machine Specification"/>
    <property name="sun.os.patch.level" value=""/>
    <property name="java.library.path" value="C:\Users\tulio\.jdks\openjdk-14.0.1\bin;C:\Windows\Sun\Java\bin;C:\Windows\system32;C:\Windows;C:\Program Files\Git\mingw64\bin;C:\Program Files\Git\usr\bin;C:\Users\tulio\bin;C:\Program Files\Git\mingw64\bin;C:\Program Files\Git\usr\bin;C:\Users\tulio\bin;C:\Program Files (x86)\Common Files\Oracle\Java\javapath;C:\Windows\system32;C:\Windows;C:\Windows\System32\Wbem;C:\Windows\System32\WindowsPowerShell\v1.0;C:\Windows\System32\OpenSSH;C:\Program Files (x86)\Yarn\bin;C:\xampp\php;C:\ProgramData\ComposerSetup\bin;C:\Program Files\NVIDIA Corporation\NVIDIA NvDLISR;C:\Program Files\Microsoft VS Code\bin;C:\MinGW\bin;C:\Program Files (x86)\Microsoft Visual Studio\2019\Community\Common7\IDE;C:\Users\tulio\Downloads\apache-maven-3.6.3-bin\apache-maven-3.6.3\bin;C:\Users\tulio\AppData\Roaming\nvm;C:\Program Files\nodejs;C:\Program Files\SlikSvn\bin;C:\Program Files\CMake\bin;C:\Program Files\Git\cmd;C:\ProgramData\chocolatey\bin;C:\Users\tulio\emsdk\upstream\emscripten;C:\Program Files\Docker\Docker\resources\bin;C:\ProgramData\DockerDesktop\version-bin;C:\Program Files\qemu;C:\Users\tulio\AppData\Local\bin\NASM;C:\Program Files\HxD;C:\Users\tulio\AppData\Local\Programs\Python\Python38-32\Scripts;C:\Users\tulio\AppData\Local\Programs\Python\Python38-32;C:\Users\tulio\AppData\Local\Microsoft\WindowsApps;C:\Users\tulio\AppData\Local\Yarn\bin;C:\Users\tulio\AppData\Roaming\npm;C:\Users\tulio\AppData\Roaming\Composer\vendor\bin;C:\Users\tulio\AppData\Roaming\nvm;C:\Program Files\nodejs;."/>
    <property name="java.vm.info" value="mixed mode, sharing"/>
    <property name="java.vendor" value="Oracle Corporation"/>
    <property name="java.vm.version" value="14.0.1+7"/>
    <property name="sun.io.unicode.encoding" value="UnicodeLittle"/>
    <property name="java.class.version" value="58.0"/>
  </properties>
  <testcase name="shouldAnswerWithTrue" classname="br.com.tulioemmanuel.browser.AppTest" time="0.005"/>
</testsuite>